{"/Users/a1385902/Sites/_personal/react-boilerplate/src/enzyme.setup.js": {"path":"/Users/a1385902/Sites/_personal/react-boilerplate/src/enzyme.setup.js","statementMap":{"0":{"start":{"line":4,"column":0},"end":{"line":6,"column":2}}},"fnMap":{},"branchMap":{},"s":{"0":2},"f":{},"b":{},"_coverageSchema":"332fd63041d2c1bcb487cc26dd0d5f7d97098a6c","hash":"b0ac872efd77ef294253428d21924ac96e3f9e66"}
,"/Users/a1385902/Sites/_personal/react-boilerplate/src/client/app.js": {"path":"/Users/a1385902/Sites/_personal/react-boilerplate/src/client/app.js","statementMap":{"0":{"start":{"line":5,"column":8},"end":{"line":5,"column":74}}},"fnMap":{"0":{"name":"(anonymous_0)","decl":{"start":{"line":4,"column":4},"end":{"line":4,"column":5}},"loc":{"start":{"line":4,"column":13},"end":{"line":6,"column":5}},"line":4}},"branchMap":{},"s":{"0":1},"f":{"0":1},"b":{},"_coverageSchema":"332fd63041d2c1bcb487cc26dd0d5f7d97098a6c","hash":"475b4ea1c6738cb7c3e580ca8deef907dddee016"}
,"/Users/a1385902/Sites/_personal/react-boilerplate/src/server/web.server.js": {"path":"/Users/a1385902/Sites/_personal/react-boilerplate/src/server/web.server.js","statementMap":{"0":{"start":{"line":1,"column":16},"end":{"line":1,"column":34}},"1":{"start":{"line":5,"column":8},"end":{"line":5,"column":29}},"2":{"start":{"line":6,"column":8},"end":{"line":6,"column":52}},"3":{"start":{"line":10,"column":8},"end":{"line":19,"column":11}},"4":{"start":{"line":11,"column":12},"end":{"line":18,"column":13}},"5":{"start":{"line":12,"column":16},"end":{"line":14,"column":19}},"6":{"start":{"line":13,"column":20},"end":{"line":13,"column":29}},"7":{"start":{"line":16,"column":16},"end":{"line":16,"column":33}},"8":{"start":{"line":17,"column":16},"end":{"line":17,"column":26}},"9":{"start":{"line":23,"column":8},"end":{"line":32,"column":11}},"10":{"start":{"line":24,"column":12},"end":{"line":31,"column":13}},"11":{"start":{"line":25,"column":16},"end":{"line":27,"column":19}},"12":{"start":{"line":26,"column":20},"end":{"line":26,"column":30}},"13":{"start":{"line":29,"column":16},"end":{"line":29,"column":41}},"14":{"start":{"line":30,"column":16},"end":{"line":30,"column":26}}},"fnMap":{"0":{"name":"(anonymous_0)","decl":{"start":{"line":4,"column":4},"end":{"line":4,"column":5}},"loc":{"start":{"line":4,"column":17},"end":{"line":7,"column":5}},"line":4},"1":{"name":"(anonymous_1)","decl":{"start":{"line":9,"column":4},"end":{"line":9,"column":5}},"loc":{"start":{"line":9,"column":12},"end":{"line":20,"column":5}},"line":9},"2":{"name":"(anonymous_2)","decl":{"start":{"line":10,"column":27},"end":{"line":10,"column":28}},"loc":{"start":{"line":10,"column":48},"end":{"line":19,"column":9}},"line":10},"3":{"name":"(anonymous_3)","decl":{"start":{"line":12,"column":52},"end":{"line":12,"column":53}},"loc":{"start":{"line":12,"column":63},"end":{"line":14,"column":17}},"line":12},"4":{"name":"(anonymous_4)","decl":{"start":{"line":22,"column":4},"end":{"line":22,"column":5}},"loc":{"start":{"line":22,"column":11},"end":{"line":33,"column":5}},"line":22},"5":{"name":"(anonymous_5)","decl":{"start":{"line":23,"column":27},"end":{"line":23,"column":28}},"loc":{"start":{"line":23,"column":48},"end":{"line":32,"column":9}},"line":23},"6":{"name":"(anonymous_6)","decl":{"start":{"line":25,"column":34},"end":{"line":25,"column":35}},"loc":{"start":{"line":25,"column":40},"end":{"line":27,"column":17}},"line":25}},"branchMap":{},"s":{"0":1,"1":1,"2":1,"3":1,"4":1,"5":1,"6":1,"7":0,"8":0,"9":1,"10":1,"11":1,"12":1,"13":0,"14":0},"f":{"0":1,"1":1,"2":1,"3":1,"4":1,"5":1,"6":1},"b":{},"_coverageSchema":"332fd63041d2c1bcb487cc26dd0d5f7d97098a6c","hash":"ea2e0c6f53ba61ba66007891d81897e0cda4d4a7"}
}
